<?xml version="1.0" encoding="UTF-8"?>
<!-- Generated by org.testng.reporters.JUnitXMLReporter -->
<testsuite ignored="0" hostname="priyankas-MacBook-Air.local" failures="1" tests="1" name="Validating title in the Page" time="11.046" errors="0" timestamp="2019-08-29T18:41:47 IST">
  <testcase classname="Academy.validateTitle" name="validateAppTitle" time="0.092">
    <failure type="java.lang.AssertionError" message="expected [FEATURED12 COURSES] but found [FEATURED COURSES]">
      <![CDATA[java.lang.AssertionError: expected [FEATURED12 COURSES] but found [FEATURED COURSES]
at Academy.validateTitle.validateAppTitle(validateTitle.java:41)
at java.base/java.util.ArrayList.forEach(ArrayList.java:1540)
... Removed 32 stack frames]]>
    </failure>
  </testcase> <!-- validateAppTitle -->
</testsuite> <!-- Validating title in the Page -->
